#
# There is insufficient memory for the Java Runtime Environment to continue.
# Native memory allocation (malloc) failed to allocate 2157136 bytes for Chunk::new
# Possible reasons:
#   The system is out of physical RAM or swap space
#   The process is running with CompressedOops enabled, and the Java Heap may be blocking the growth of the native heap
# Possible solutions:
#   Reduce memory load on the system
#   Increase physical memory or swap space
#   Check if swap backing store is full
#   Decrease Java heap size (-Xmx/-Xms)
#   Decrease number of Java threads
#   Decrease Java thread stack sizes (-Xss)
#   Set larger code cache with -XX:ReservedCodeCacheSize=
#   JVM is running with Unscaled Compressed Oops mode in which the Java heap is
#     placed in the first 4GB address space. The Java Heap base address is the
#     maximum limit for the native heap growth. Please use -XX:HeapBaseMinAddress
#     to set the Java Heap base and to place the Java Heap above 4GB virtual address.
# This output file may be truncated or incomplete.
#
#  Out of Memory Error (allocation.cpp:389), pid=5936, tid=0x0000000000003be0
#
# JRE version: OpenJDK Runtime Environment (8.0_202-b03) (build 1.8.0_202-release-1483-b03)
# Java VM: OpenJDK 64-Bit Server VM (25.202-b03 mixed mode windows-amd64 compressed oops)
# Failed to write core dump. Minidumps are not enabled by default on client versions of Windows
#

---------------  T H R E A D  ---------------

Current thread (0x0000000018c40800):  JavaThread "C2 CompilerThread2" daemon [_thread_in_native, id=15328, stack(0x0000000019710000,0x0000000019810000)]

Stack: [0x0000000019710000,0x0000000019810000]
[error occurred during error reporting (printing stack bounds), id 0xc0000005]

Native frames: (J=compiled Java code, j=interpreted, Vv=VM code, C=native code)


Current CompileTask:
C2:   9173 4036       4       com.sun.beans.TypeResolver::resolve (37 bytes)


---------------  P R O C E S S  ---------------

Java Threads: ( => current thread )
  0x000000001aa49000 JavaThread "Cache worker for Build Output Cleanup Cache (C:\Users\Henry\AndroidStudioProjects\Calculator\.gradle\buildOutputCleanup)" [_thread_blocked, id=12048, stack(0x0000000022ef0000,0x0000000022ff0000)]
  0x000000001aa4f000 JavaThread "pool-1-thread-1" [_thread_blocked, id=17296, stack(0x0000000022bf0000,0x0000000022cf0000)]
  0x000000001aa4e000 JavaThread "Build operations Thread 8" [_thread_blocked, id=28868, stack(0x0000000022af0000,0x0000000022bf0000)]
  0x000000001aa49800 JavaThread "Build operations Thread 7" [_thread_blocked, id=22900, stack(0x00000000229f0000,0x0000000022af0000)]
  0x000000001aa4f800 JavaThread "Build operations Thread 6" [_thread_blocked, id=27716, stack(0x00000000228f0000,0x00000000229f0000)]
  0x000000001aa4d800 JavaThread "Build operations Thread 5" [_thread_blocked, id=11152, stack(0x00000000227f0000,0x00000000228f0000)]
  0x000000001aa46800 JavaThread "Build operations Thread 4" [_thread_blocked, id=4948, stack(0x00000000226f0000,0x00000000227f0000)]
  0x000000001aa48000 JavaThread "Build operations Thread 3" [_thread_blocked, id=7988, stack(0x00000000225f0000,0x00000000226f0000)]
  0x000000001aa47800 JavaThread "Build operations Thread 2" [_thread_blocked, id=8964, stack(0x00000000224f0000,0x00000000225f0000)]
  0x000000001aa4c800 JavaThread "Build operations" [_thread_blocked, id=19624, stack(0x0000000022160000,0x0000000022260000)]
  0x000000001aa46000 JavaThread "Cache worker for execution history cache (C:\Users\Henry\.gradle\caches\5.4.1\executionHistory)" [_thread_blocked, id=22000, stack(0x0000000021be0000,0x0000000021ce0000)]
  0x000000001a519000 JavaThread "Cache worker for cache directory md-rule (C:\Users\Henry\.gradle\caches\5.4.1\md-rule)" [_thread_blocked, id=12752, stack(0x00000000204b0000,0x00000000205b0000)]
  0x000000001a518800 JavaThread "Cache worker for cache directory md-supplier (C:\Users\Henry\.gradle\caches\5.4.1\md-supplier)" [_thread_blocked, id=12156, stack(0x000000001fdd0000,0x000000001fed0000)]
  0x000000001a516000 JavaThread "Cache worker for file hash cache (C:\Users\Henry\AndroidStudioProjects\Calculator\.gradle\5.4.1\fileHashes)" [_thread_blocked, id=26936, stack(0x000000001ffb0000,0x00000000200b0000)]
  0x000000001a517800 JavaThread "Cache worker for journal cache (C:\Users\Henry\.gradle\caches\journal-1)" [_thread_blocked, id=18624, stack(0x000000001c960000,0x000000001ca60000)]
  0x000000001a51a000 JavaThread "File lock request listener" [_thread_in_native, id=7976, stack(0x000000001c660000,0x000000001c760000)]
  0x000000001b249800 JavaThread "Cache worker for file hash cache (C:\Users\Henry\.gradle\caches\5.4.1\fileHashes)" [_thread_blocked, id=21268, stack(0x000000001c560000,0x000000001c660000)]
  0x000000001afb3800 JavaThread "Thread-9" [_thread_blocked, id=22924, stack(0x000000001c460000,0x000000001c560000)]
  0x000000001ab0d000 JavaThread "Stdin handler" [_thread_blocked, id=19804, stack(0x000000001c360000,0x000000001c460000)]
  0x000000001ab0b000 JavaThread "Asynchronous log dispatcher for DefaultDaemonConnection: socket connection from /127.0.0.1:53371 to /127.0.0.1:53372" [_thread_blocked, id=11480, stack(0x000000001c260000,0x000000001c360000)]
  0x000000001ab10000 JavaThread "Daemon worker" [_thread_in_vm, id=23592, stack(0x000000001c160000,0x000000001c260000)]
  0x000000001ab0f000 JavaThread "Cancel handler" [_thread_blocked, id=27400, stack(0x000000001c060000,0x000000001c160000)]
  0x000000001aa43000 JavaThread "Handler for socket connection from /127.0.0.1:53371 to /127.0.0.1:53372" [_thread_in_native, id=28832, stack(0x000000001bd60000,0x000000001be60000)]
  0x0000000019d97800 JavaThread "Daemon" [_thread_blocked, id=10808, stack(0x000000001bc60000,0x000000001bd60000)]
  0x0000000019b27000 JavaThread "Daemon periodic checks" [_thread_blocked, id=20576, stack(0x000000001bb60000,0x000000001bc60000)]
  0x0000000018d57000 JavaThread "Incoming local TCP Connector on port 53371" [_thread_in_native, id=19080, stack(0x000000001b920000,0x000000001ba20000)]
  0x000000001abd6800 JavaThread "Daemon health stats" [_thread_blocked, id=12660, stack(0x000000001b2e0000,0x000000001b3e0000)]
  0x0000000018cd3000 JavaThread "Service Thread" daemon [_thread_blocked, id=6680, stack(0x0000000019910000,0x0000000019a10000)]
  0x0000000018c43000 JavaThread "C1 CompilerThread3" daemon [_thread_blocked, id=22648, stack(0x0000000019810000,0x0000000019910000)]
=>0x0000000018c40800 JavaThread "C2 CompilerThread2" daemon [_thread_in_native, id=15328, stack(0x0000000019710000,0x0000000019810000)]
  0x0000000018c3e000 JavaThread "C2 CompilerThread1" daemon [_thread_blocked, id=14724, stack(0x0000000019610000,0x0000000019710000)]
  0x0000000018c3b000 JavaThread "C2 CompilerThread0" daemon [_thread_in_native, id=12688, stack(0x0000000019510000,0x0000000019610000)]
  0x0000000018c3a000 JavaThread "Attach Listener" daemon [_thread_blocked, id=6020, stack(0x0000000019410000,0x0000000019510000)]
  0x0000000018c45800 JavaThread "Signal Dispatcher" daemon [_thread_blocked, id=7236, stack(0x0000000019310000,0x0000000019410000)]
  0x0000000018c30800 JavaThread "Finalizer" daemon [_thread_blocked, id=16712, stack(0x0000000019110000,0x0000000019210000)]
  0x0000000003075000 JavaThread "Reference Handler" daemon [_thread_blocked, id=26304, stack(0x0000000019010000,0x0000000019110000)]
  0x00000000015ee800 JavaThread "main" [_thread_blocked, id=26188, stack(0x0000000002db0000,0x0000000002eb0000)]

Other Threads:
  0x0000000016e38000 VMThread [stack: 0x0000000018b10000,0x0000000018c10000] [id=24092]
  0x0000000018cd3800 WatcherThread [stack: 0x0000000019a10000,0x0000000019b10000] [id=24520]

VM state:not at safepoint (normal execution)

VM Mutex/Monitor currently owned by a thread: None

heap address: 0x00000000a0000000, size: 1536 MB, Compressed Oops mode: 32-bit
Narrow klass base: 0x0000000000000000, Narrow klass shift: 3
Compressed class space size: 1073741824 Address: 0x0000000100000000

Heap:
 PSYoungGen      total 146944K, used 49946K [0x00000000e0000000, 0x00000000ea600000, 0x0000000100000000)
  eden space 134656K, 27% used [0x00000000e0000000,0x00000000e24c6b68,0x00000000e8380000)
  from space 12288K, 99% used [0x00000000e9a00000,0x00000000ea5ffeb0,0x00000000ea600000)
  to   space 14336K, 0% used [0x00000000e8a00000,0x00000000e8a00000,0x00000000e9800000)
 ParOldGen       total 91136K, used 19862K [0x00000000a0000000, 0x00000000a5900000, 0x00000000e0000000)
  object space 91136K, 21% used [0x00000000a0000000,0x00000000a13658b0,0x00000000a5900000)
 Metaspace       used 48696K, capacity 49946K, committed 50216K, reserved 1093632K
  class space    used 6586K, capacity 6910K, committed 6952K, reserved 1048576K

Card table byte_map: [0x0000000012440000,0x0000000012750000] byte_map_base: 0x0000000011f40000

Marking Bits: (ParMarkBitMap*) 0x0000000051e89f30
 Begin Bits: [0x0000000013150000, 0x0000000014950000)
 End Bits:   [0x0000000014950000, 0x0000000016150000)

Polling page: 0x0000000001590000

CodeCache: size=245760Kb used=13114Kb max_used=13761Kb free=232645Kb
 bounds [0x0000000003080000, 0x0000000003e00000, 0x0000000012080000]
 total_blobs=4654 nmethods=3889 adapters=678
 compilation: enabled

Compilation events (10 events):
Event: 9.048 Thread 0x0000000018c43000 4227       3       sun.misc.ProxyGenerator::checkReturnTypes (295 bytes)
Event: 9.051 Thread 0x0000000018c43000 nmethod 4227 0x000000000345b590 code [0x000000000345ba60, 0x000000000345e948]
Event: 9.051 Thread 0x0000000018c43000 4226       3       sun.misc.ProxyGenerator::access$408 (12 bytes)
Event: 9.051 Thread 0x0000000018c43000 nmethod 4226 0x000000000323bbd0 code [0x000000000323bd20, 0x000000000323be70]
Event: 9.051 Thread 0x0000000018c43000 4228       1       kotlin.reflect.jvm.internal.pcollections.ConsPStack::size (5 bytes)
Event: 9.051 Thread 0x0000000018c43000 nmethod 4228 0x000000000345b250 code [0x000000000345b3a0, 0x000000000345b4b0]
Event: 9.072 Thread 0x0000000018c43000 4229       3       java.net.URL::openConnection (9 bytes)
Event: 9.072 Thread 0x0000000018c43000 nmethod 4229 0x0000000003577d10 code [0x0000000003577e80, 0x00000000035780a8]
Event: 9.160 Thread 0x0000000018c3e000 4230       4       sun.misc.URLClassPath$JarLoader$2::getCodeSourceURL (8 bytes)
Event: 9.161 Thread 0x0000000018c3e000 nmethod 4230 0x00000000034f0490 code [0x00000000034f05c0, 0x00000000034f0638]

GC Heap History (10 events):
Event: 4.897 GC heap before
{Heap before GC invocations=8 (full 1):
 PSYoungGen      total 76288K, used 65536K [0x00000000e0000000, 0x00000000e5500000, 0x0000000100000000)
  eden space 65536K, 100% used [0x00000000e0000000,0x00000000e4000000,0x00000000e4000000)
  from space 10752K, 0% used [0x00000000e4a80000,0x00000000e4a80000,0x00000000e5500000)
  to   space 10752K, 0% used [0x00000000e4000000,0x00000000e4000000,0x00000000e4a80000)
 ParOldGen       total 58880K, used 8579K [0x00000000a0000000, 0x00000000a3980000, 0x00000000e0000000)
  object space 58880K, 14% used [0x00000000a0000000,0x00000000a0860ea0,0x00000000a3980000)
 Metaspace       used 29000K, capacity 29478K, committed 29696K, reserved 1075200K
  class space    used 3913K, capacity 4096K, committed 4096K, reserved 1048576K
Event: 4.916 GC heap after
Heap after GC invocations=8 (full 1):
 PSYoungGen      total 76288K, used 8069K [0x00000000e0000000, 0x00000000e7c00000, 0x0000000100000000)
  eden space 65536K, 0% used [0x00000000e0000000,0x00000000e0000000,0x00000000e4000000)
  from space 10752K, 75% used [0x00000000e4000000,0x00000000e47e16c0,0x00000000e4a80000)
  to   space 10752K, 0% used [0x00000000e7180000,0x00000000e7180000,0x00000000e7c00000)
 ParOldGen       total 58880K, used 8587K [0x00000000a0000000, 0x00000000a3980000, 0x00000000e0000000)
  object space 58880K, 14% used [0x00000000a0000000,0x00000000a0862ea0,0x00000000a3980000)
 Metaspace       used 29000K, capacity 29478K, committed 29696K, reserved 1075200K
  class space    used 3913K, capacity 4096K, committed 4096K, reserved 1048576K
}
Event: 5.793 GC heap before
{Heap before GC invocations=9 (full 1):
 PSYoungGen      total 76288K, used 73605K [0x00000000e0000000, 0x00000000e7c00000, 0x0000000100000000)
  eden space 65536K, 100% used [0x00000000e0000000,0x00000000e4000000,0x00000000e4000000)
  from space 10752K, 75% used [0x00000000e4000000,0x00000000e47e16c0,0x00000000e4a80000)
  to   space 10752K, 0% used [0x00000000e7180000,0x00000000e7180000,0x00000000e7c00000)
 ParOldGen       total 58880K, used 8587K [0x00000000a0000000, 0x00000000a3980000, 0x00000000e0000000)
  object space 58880K, 14% used [0x00000000a0000000,0x00000000a0862ea0,0x00000000a3980000)
 Metaspace       used 32246K, capacity 32778K, committed 33152K, reserved 1077248K
  class space    used 4445K, capacity 4620K, committed 4736K, reserved 1048576K
Event: 5.810 GC heap after
Heap after GC invocations=9 (full 1):
 PSYoungGen      total 116224K, used 8472K [0x00000000e0000000, 0x00000000e7c00000, 0x0000000100000000)
  eden space 105472K, 0% used [0x00000000e0000000,0x00000000e0000000,0x00000000e6700000)
  from space 10752K, 78% used [0x00000000e7180000,0x00000000e79c6040,0x00000000e7c00000)
  to   space 10752K, 0% used [0x00000000e6700000,0x00000000e6700000,0x00000000e7180000)
 ParOldGen       total 58880K, used 8595K [0x00000000a0000000, 0x00000000a3980000, 0x00000000e0000000)
  object space 58880K, 14% used [0x00000000a0000000,0x00000000a0864ea0,0x00000000a3980000)
 Metaspace       used 32246K, capacity 32778K, committed 33152K, reserved 1077248K
  class space    used 4445K, capacity 4620K, committed 4736K, reserved 1048576K
}
Event: 6.796 GC heap before
{Heap before GC invocations=10 (full 1):
 PSYoungGen      total 116224K, used 59548K [0x00000000e0000000, 0x00000000e7c00000, 0x0000000100000000)
  eden space 105472K, 48% used [0x00000000e0000000,0x00000000e31e12b8,0x00000000e6700000)
  from space 10752K, 78% used [0x00000000e7180000,0x00000000e79c6040,0x00000000e7c00000)
  to   space 10752K, 0% used [0x00000000e6700000,0x00000000e6700000,0x00000000e7180000)
 ParOldGen       total 58880K, used 8595K [0x00000000a0000000, 0x00000000a3980000, 0x00000000e0000000)
  object space 58880K, 14% used [0x00000000a0000000,0x00000000a0864ea0,0x00000000a3980000)
 Metaspace       used 34729K, capacity 35432K, committed 35496K, reserved 1079296K
  class space    used 4782K, capacity 4997K, committed 5032K, reserved 1048576K
Event: 6.822 GC heap after
Heap after GC invocations=10 (full 1):
 PSYoungGen      total 116224K, used 10741K [0x00000000e0000000, 0x00000000ea600000, 0x0000000100000000)
  eden space 105472K, 0% used [0x00000000e0000000,0x00000000e0000000,0x00000000e6700000)
  from space 10752K, 99% used [0x00000000e6700000,0x00000000e717d4e8,0x00000000e7180000)
  to   space 12288K, 0% used [0x00000000e9a00000,0x00000000e9a00000,0x00000000ea600000)
 ParOldGen       total 58880K, used 8684K [0x00000000a0000000, 0x00000000a3980000, 0x00000000e0000000)
  object space 58880K, 14% used [0x00000000a0000000,0x00000000a087b278,0x00000000a3980000)
 Metaspace       used 34729K, capacity 35432K, committed 35496K, reserved 1079296K
  class space    used 4782K, capacity 4997K, committed 5032K, reserved 1048576K
}
Event: 6.822 GC heap before
{Heap before GC invocations=11 (full 2):
 PSYoungGen      total 116224K, used 10741K [0x00000000e0000000, 0x00000000ea600000, 0x0000000100000000)
  eden space 105472K, 0% used [0x00000000e0000000,0x00000000e0000000,0x00000000e6700000)
  from space 10752K, 99% used [0x00000000e6700000,0x00000000e717d4e8,0x00000000e7180000)
  to   space 12288K, 0% used [0x00000000e9a00000,0x00000000e9a00000,0x00000000ea600000)
 ParOldGen       total 58880K, used 8684K [0x00000000a0000000, 0x00000000a3980000, 0x00000000e0000000)
  object space 58880K, 14% used [0x00000000a0000000,0x00000000a087b278,0x00000000a3980000)
 Metaspace       used 34729K, capacity 35432K, committed 35496K, reserved 1079296K
  class space    used 4782K, capacity 4997K, committed 5032K, reserved 1048576K
Event: 6.915 GC heap after
Heap after GC invocations=11 (full 2):
 PSYoungGen      total 116224K, used 0K [0x00000000e0000000, 0x00000000ea600000, 0x0000000100000000)
  eden space 105472K, 0% used [0x00000000e0000000,0x00000000e0000000,0x00000000e6700000)
  from space 10752K, 0% used [0x00000000e6700000,0x00000000e6700000,0x00000000e7180000)
  to   space 12288K, 0% used [0x00000000e9a00000,0x00000000e9a00000,0x00000000ea600000)
 ParOldGen       total 91136K, used 17772K [0x00000000a0000000, 0x00000000a5900000, 0x00000000e0000000)
  object space 91136K, 19% used [0x00000000a0000000,0x00000000a115b138,0x00000000a5900000)
 Metaspace       used 34716K, capacity 35390K, committed 35496K, reserved 1079296K
  class space    used 4778K, capacity 4990K, committed 5032K, reserved 1048576K
}
Event: 8.548 GC heap before
{Heap before GC invocations=12 (full 2):
 PSYoungGen      total 116224K, used 105472K [0x00000000e0000000, 0x00000000ea600000, 0x0000000100000000)
  eden space 105472K, 100% used [0x00000000e0000000,0x00000000e6700000,0x00000000e6700000)
  from space 10752K, 0% used [0x00000000e6700000,0x00000000e6700000,0x00000000e7180000)
  to   space 12288K, 0% used [0x00000000e9a00000,0x00000000e9a00000,0x00000000ea600000)
 ParOldGen       total 91136K, used 17772K [0x00000000a0000000, 0x00000000a5900000, 0x00000000e0000000)
  object space 91136K, 19% used [0x00000000a0000000,0x00000000a115b138,0x00000000a5900000)
 Metaspace       used 45355K, capacity 46300K, committed 46632K, reserved 1089536K
  class space    used 6112K, capacity 6380K, committed 6440K, reserved 1048576K
Event: 8.565 GC heap after
Heap after GC invocations=12 (full 2):
 PSYoungGen      total 146944K, used 12287K [0x00000000e0000000, 0x00000000ea600000, 0x0000000100000000)
  eden space 134656K, 0% used [0x00000000e0000000,0x00000000e0000000,0x00000000e8380000)
  from space 12288K, 99% used [0x00000000e9a00000,0x00000000ea5ffeb0,0x00000000ea600000)
  to   space 14336K, 0% used [0x00000000e8a00000,0x00000000e8a00000,0x00000000e9800000)
 ParOldGen       total 91136K, used 19862K [0x00000000a0000000, 0x00000000a5900000, 0x00000000e0000000)
  object space 91136K, 21% used [0x00000000a0000000,0x00000000a13658b0,0x00000000a5900000)
 Metaspace       used 45355K, capacity 46300K, committed 46632K, reserved 1089536K
  class space    used 6112K, capacity 6380K, committed 6440K, reserved 1048576K
}

Deoptimization events (10 events):
Event: 7.842 Thread 0x000000001ab10000 Uncommon trap: reason=unstable_if action=reinterpret pc=0x0000000003227fec method=java.util.jar.JarFile.maybeInstantiateVerifier()V @ 4
Event: 7.842 Thread 0x000000001ab10000 Uncommon trap: reason=unstable_if action=reinterpret pc=0x000000000354a8b0 method=java.util.jar.JarFile.maybeInstantiateVerifier()V @ 4
Event: 7.843 Thread 0x000000001ab10000 Uncommon trap: reason=unstable_if action=reinterpret pc=0x0000000003c4f0ac method=java.security.CodeSource.matchCerts(Ljava/security/CodeSource;Z)Z @ 11
Event: 7.865 Thread 0x000000001ab10000 Uncommon trap: reason=unstable_if action=reinterpret pc=0x00000000031be53c method=java.util.LinkedHashMap.get(Ljava/lang/Object;)Ljava/lang/Object; @ 20
Event: 7.895 Thread 0x000000001ab10000 Uncommon trap: reason=unstable_if action=reinterpret pc=0x00000000039c9ba8 method=java.util.jar.JarFile.maybeInstantiateVerifier()V @ 4
Event: 7.898 Thread 0x000000001ab10000 Uncommon trap: reason=unstable_if action=reinterpret pc=0x0000000003c3678c method=java.security.CodeSource.matchCerts(Ljava/security/CodeSource;Z)Z @ 11
Event: 7.931 Thread 0x000000001ab10000 Uncommon trap: reason=unstable_if action=reinterpret pc=0x00000000038f9568 method=org.objectweb.asm.ByteVector.putUTF8(Ljava/lang/String;)Lorg/objectweb/asm/ByteVector; @ 93
Event: 8.435 Thread 0x000000001ab10000 Uncommon trap: reason=unstable_if action=reinterpret pc=0x00000000038dc160 method=org.gradle.internal.reflect.PropertyAccessorType.of(Ljava/lang/reflect/Method;)Lorg/gradle/internal/reflect/PropertyAccessorType; @ 56
Event: 8.720 Thread 0x000000001ab10000 Uncommon trap: reason=unstable_if action=reinterpret pc=0x0000000003cddab0 method=org.gradle.internal.instantiation.AbstractClassGenerator$InjectionAnnotationValidator.validateMethod(Ljava/lang/reflect/Method;Lorg/gradle/internal/reflect/PropertyAccessorT
Event: 9.057 Thread 0x000000001ab10000 Uncommon trap: reason=unstable_if action=reinterpret pc=0x00000000035ebee4 method=java.lang.String.lastIndexOf([CII[CIII)I @ 17

Classes redefined (0 events):
No events

Internal exceptions (10 events):
Event: 8.635 Thread 0x000000001ab10000 Exception <a 'java/lang/ClassNotFoundException': org/gradle/api/internal/file/CompositeFileTreeCustomizer> (0x00000000e0a7f2a8) thrown at [D:\src\AOSP-openjdk-cygwin\jdk8u\hotspot\src\share\vm\classfile\systemDictionary.cpp, line 210]
Event: 8.636 Thread 0x000000001ab10000 Exception <a 'java/lang/ClassNotFoundException': org/gradle/api/internal/file/collections/DefaultConfigurableFileTreeCustomizer> (0x00000000e0accf58) thrown at [D:\src\AOSP-openjdk-cygwin\jdk8u\hotspot\src\share\vm\classfile\systemDictionary.cpp, line 210
Event: 8.889 Thread 0x000000001ab10000 Exception <a 'java/lang/ClassNotFoundException': org/gradle/api/plugins/internal/DefaultBasePluginConventionBeanInfo> (0x00000000e13678e8) thrown at [D:\src\AOSP-openjdk-cygwin\jdk8u\hotspot\src\share\vm\classfile\systemDictionary.cpp, line 210]
Event: 8.890 Thread 0x000000001ab10000 Exception <a 'java/lang/ClassNotFoundException': org/gradle/api/plugins/BasePluginConventionBeanInfo> (0x00000000e138d548) thrown at [D:\src\AOSP-openjdk-cygwin\jdk8u\hotspot\src\share\vm\classfile\systemDictionary.cpp, line 210]
Event: 8.891 Thread 0x000000001ab10000 Exception <a 'java/lang/ClassNotFoundException': org/gradle/api/plugins/BasePluginConventionCustomizer> (0x00000000e13b3b00) thrown at [D:\src\AOSP-openjdk-cygwin\jdk8u\hotspot\src\share\vm\classfile\systemDictionary.cpp, line 210]
Event: 8.892 Thread 0x000000001ab10000 Exception <a 'java/lang/ClassNotFoundException': org/gradle/api/plugins/internal/DefaultBasePluginConventionCustomizer> (0x00000000e13f34d8) thrown at [D:\src\AOSP-openjdk-cygwin\jdk8u\hotspot\src\share\vm\classfile\systemDictionary.cpp, line 210]
Event: 8.904 Thread 0x000000001ab10000 Exception <a 'java/lang/NoSuchMethodError': java.lang.Object.lambda$comparing$77a9974f$1(Ljava/util/function/Function;Ljava/lang/Object;Ljava/lang/Object;)I> (0x00000000e146a2d8) thrown at [D:\src\AOSP-openjdk-cygwin\jdk8u\hotspot\src\share\vm\interpreter
Event: 8.906 Thread 0x000000001ab10000 Exception <a 'java/lang/NoSuchMethodError': java.lang.Object.lambda$comparingInt$7b0bb60$1(Ljava/util/function/ToIntFunction;Ljava/lang/Object;Ljava/lang/Object;)I> (0x00000000e14748c0) thrown at [D:\src\AOSP-openjdk-cygwin\jdk8u\hotspot\src\share\vm\inte
Event: 8.907 Thread 0x000000001ab10000 Exception <a 'java/lang/NoSuchMethodError': java.lang.Object.lambda$thenComparing$36697e65$1(Ljava/util/Comparator;Ljava/lang/Object;Ljava/lang/Object;)I> (0x00000000e147d448) thrown at [D:\src\AOSP-openjdk-cygwin\jdk8u\hotspot\src\share\vm\interpreter\li
Event: 8.911 Thread 0x000000001ab10000 Exception <a 'java/lang/NoSuchMethodError': java.lang.Object.lambda$comparing$ea9a8b3a$1(Ljava/util/Comparator;Ljava/util/function/Function;Ljava/lang/Object;Ljava/lang/Object;)I> (0x00000000e148aef8) thrown at [D:\src\AOSP-openjdk-cygwin\jdk8u\hotspot\sr

Events (10 events):
Event: 9.169 loading class kotlin/reflect/jvm/internal/impl/protobuf/SmallSortedMap$EmptySet
Event: 9.169 loading class kotlin/reflect/jvm/internal/impl/protobuf/SmallSortedMap$EmptySet done
Event: 9.170 loading class kotlin/reflect/jvm/internal/impl/protobuf/SmallSortedMap$EmptySet$1
Event: 9.170 loading class kotlin/reflect/jvm/internal/impl/protobuf/SmallSortedMap$EmptySet$1 done
Event: 9.170 loading class kotlin/reflect/jvm/internal/impl/protobuf/SmallSortedMap$EmptySet$2
Event: 9.170 loading class kotlin/reflect/jvm/internal/impl/protobuf/SmallSortedMap$EmptySet$2 done
Event: 9.170 loading class kotlin/reflect/jvm/internal/impl/protobuf/ByteString
Event: 9.170 loading class kotlin/reflect/jvm/internal/impl/protobuf/ByteString done
Event: 9.171 loading class kotlin/reflect/jvm/internal/impl/protobuf/LiteralByteString
Event: 9.171 loading class kotlin/reflect/jvm/internal/impl/protobuf/LiteralByteString done


Dynamic libraries:
0x00007ff6eb2c0000 - 0x00007ff6eb2f1000 	C:\Program Files\Android\Android Studio\jre\bin\java.exe
0x00007ff9f4100000 - 0x00007ff9f42f0000 	C:\WINDOWS\SYSTEM32\ntdll.dll
0x00007ff9f3060000 - 0x00007ff9f3112000 	C:\WINDOWS\System32\KERNEL32.DLL
0x00007ff9f1f00000 - 0x00007ff9f21a5000 	C:\WINDOWS\System32\KERNELBASE.dll
0x00007ff9f21b0000 - 0x00007ff9f2253000 	C:\WINDOWS\System32\ADVAPI32.dll
0x00007ff9f3ba0000 - 0x00007ff9f3c3e000 	C:\WINDOWS\System32\msvcrt.dll
0x00007ff9f4020000 - 0x00007ff9f40b7000 	C:\WINDOWS\System32\sechost.dll
0x00007ff9f3e50000 - 0x00007ff9f3f70000 	C:\WINDOWS\System32\RPCRT4.dll
0x00007ff9f22d0000 - 0x00007ff9f2465000 	C:\WINDOWS\System32\USER32.dll
0x00007ff9f1c30000 - 0x00007ff9f1c51000 	C:\WINDOWS\System32\win32u.dll
0x00007ff9f33c0000 - 0x00007ff9f33e6000 	C:\WINDOWS\System32\GDI32.dll
0x00007ff9f1c60000 - 0x00007ff9f1df6000 	C:\WINDOWS\System32\gdi32full.dll
0x00007ff9f18f0000 - 0x00007ff9f198e000 	C:\WINDOWS\System32\msvcp_win.dll
0x00007ff9f1e00000 - 0x00007ff9f1efa000 	C:\WINDOWS\System32\ucrtbase.dll
0x00007ff9d5030000 - 0x00007ff9d52b4000 	C:\WINDOWS\WinSxS\amd64_microsoft.windows.common-controls_6595b64144ccf1df_6.0.18362.1082_none_9e8193e1e45b25c1\COMCTL32.dll
0x00007ff9f2470000 - 0x00007ff9f27a5000 	C:\WINDOWS\System32\combase.dll
0x00007ff9f1bb0000 - 0x00007ff9f1c30000 	C:\WINDOWS\System32\bcryptPrimitives.dll
0x00007ff9f3b70000 - 0x00007ff9f3b9e000 	C:\WINDOWS\System32\IMM32.DLL
0x0000000051500000 - 0x00000000515d2000 	C:\Program Files\Android\Android Studio\jre\jre\bin\msvcr100.dll
0x00000000516c0000 - 0x0000000051f06000 	C:\Program Files\Android\Android Studio\jre\jre\bin\server\jvm.dll
0x00007ff9f34e0000 - 0x00007ff9f34e8000 	C:\WINDOWS\System32\PSAPI.DLL
0x00007ff9dd820000 - 0x00007ff9dd829000 	C:\WINDOWS\SYSTEM32\WSOCK32.dll
0x00007ff9f33f0000 - 0x00007ff9f345f000 	C:\WINDOWS\System32\WS2_32.dll
0x00007ff9eb210000 - 0x00007ff9eb234000 	C:\WINDOWS\SYSTEM32\WINMM.dll
0x00007ff9f00b0000 - 0x00007ff9f00ba000 	C:\WINDOWS\SYSTEM32\VERSION.dll
0x00007ff9eb1e0000 - 0x00007ff9eb20d000 	C:\WINDOWS\SYSTEM32\winmmbase.dll
0x00007ff9f1b60000 - 0x00007ff9f1baa000 	C:\WINDOWS\System32\cfgmgr32.dll
0x00007ff9dd790000 - 0x00007ff9dd79f000 	C:\Program Files\Android\Android Studio\jre\jre\bin\verify.dll
0x00007ff9d3c00000 - 0x00007ff9d3c29000 	C:\Program Files\Android\Android Studio\jre\jre\bin\java.dll
0x00007ff9d4520000 - 0x00007ff9d4536000 	C:\Program Files\Android\Android Studio\jre\jre\bin\zip.dll
0x00007ff9f28f0000 - 0x00007ff9f2fd7000 	C:\WINDOWS\System32\SHELL32.dll
0x00007ff9f32a0000 - 0x00007ff9f3349000 	C:\WINDOWS\System32\shcore.dll
0x00007ff9f1090000 - 0x00007ff9f1810000 	C:\WINDOWS\System32\windows.storage.dll
0x00007ff9f1040000 - 0x00007ff9f1063000 	C:\WINDOWS\System32\profapi.dll
0x00007ff9f0fd0000 - 0x00007ff9f101a000 	C:\WINDOWS\System32\powrprof.dll
0x00007ff9f0fc0000 - 0x00007ff9f0fd0000 	C:\WINDOWS\System32\UMPDC.dll
0x00007ff9f3360000 - 0x00007ff9f33b2000 	C:\WINDOWS\System32\shlwapi.dll
0x00007ff9f1020000 - 0x00007ff9f1031000 	C:\WINDOWS\System32\kernel.appcore.dll
0x00007ff9f1990000 - 0x00007ff9f19a7000 	C:\WINDOWS\System32\cryptsp.dll
0x00007ff9d4320000 - 0x00007ff9d433a000 	C:\Program Files\Android\Android Studio\jre\jre\bin\net.dll
0x00007ff9f07b0000 - 0x00007ff9f0817000 	C:\WINDOWS\system32\mswsock.dll
0x00007ff9d40f0000 - 0x00007ff9d4101000 	C:\Program Files\Android\Android Studio\jre\jre\bin\nio.dll
0x00007ff9d84a0000 - 0x00007ff9d84c6000 	C:\Users\Henry\.gradle\native\29\windows-amd64\native-platform.dll
0x00007ff9db1d0000 - 0x00007ff9db1dd000 	C:\Program Files\Android\Android Studio\jre\jre\bin\management.dll
0x00007ff9f0320000 - 0x00007ff9f0353000 	C:\WINDOWS\system32\rsaenh.dll
0x00007ff9f18c0000 - 0x00007ff9f18e6000 	C:\WINDOWS\System32\bcrypt.dll
0x00007ff9f0ee0000 - 0x00007ff9f0f05000 	C:\WINDOWS\SYSTEM32\USERENV.dll
0x00007ff9f0980000 - 0x00007ff9f098c000 	C:\WINDOWS\SYSTEM32\CRYPTBASE.dll
0x00007ff9f04c0000 - 0x00007ff9f04fa000 	C:\WINDOWS\SYSTEM32\IPHLPAPI.DLL
0x00007ff9f3350000 - 0x00007ff9f3358000 	C:\WINDOWS\System32\NSI.dll
0x00007ff9e6460000 - 0x00007ff9e6476000 	C:\WINDOWS\SYSTEM32\dhcpcsvc6.DLL
0x00007ff9e6350000 - 0x00007ff9e636c000 	C:\WINDOWS\SYSTEM32\dhcpcsvc.DLL
0x00007ff9f0500000 - 0x00007ff9f05cb000 	C:\WINDOWS\SYSTEM32\DNSAPI.dll

VM Arguments:
jvm_args: -Xmx1536m -Dfile.encoding=windows-1252 -Duser.country=CA -Duser.language=en -Duser.variant 
java_command: org.gradle.launcher.daemon.bootstrap.GradleDaemon 5.4.1
java_class_path (initial): C:\Users\Henry\.gradle\wrapper\dists\gradle-5.4.1-all\3221gyojl5jsh0helicew7rwx\gradle-5.4.1\lib\gradle-launcher-5.4.1.jar
Launcher Type: SUN_STANDARD

Environment Variables:
PATH=C:\Program Files (x86)\Intel\Intel(R) Management Engine Components\iCLS\;C:\Program Files\Intel\Intel(R) Management Engine Components\iCLS\;C:\WINDOWS\system32;C:\WINDOWS;C:\WINDOWS\System32\Wbem;C:\WINDOWS\System32\WindowsPowerShell\v1.0\;C:\WINDOWS\System32\OpenSSH\;C:\Program Files (x86)\Intel\Intel(R) Management Engine Components\DAL;C:\Program Files\Intel\Intel(R) Management Engine Components\DAL;C:\Program Files\Git\cmd;C:\Program Files\nodejs\;C:\Go\bin;C:\Users\Henry\AppData\Local\Programs\Python\Python38-32\Scripts\;C:\Users\Henry\AppData\Local\Programs\Python\Python38-32\;C:\Program Files\jdk-13_windows-x64_bin\jdk-13\bin;C:\Users\Henry\AppData\Local\Microsoft\WindowsApps;C:\Users\Henry\AppData\Roaming\npm;C:\Users\Henry\AppData\Local\Programs\Microsoft VS Code\bin;C:\Users\Henry\go\bin;C:\MinGW\bin
USERNAME=Henry
OS=Windows_NT
PROCESSOR_IDENTIFIER=Intel64 Family 6 Model 142 Stepping 11, GenuineIntel



---------------  S Y S T E M  ---------------

OS: Windows 10.0 , 64 bit Build 18362 (10.0.18362.1082)

CPU:total 8 (initial active 8) (4 cores per cpu, 2 threads per core) family 6 model 142 stepping 11, cmov, cx8, fxsr, mmx, sse, sse2, sse3, ssse3, sse4.1, sse4.2, popcnt, avx, avx2, aes, clmul, erms, 3dnowpref, lzcnt, ht, tsc, tscinvbit, bmi1, bmi2, adx

Memory: 4k page, physical 8241380k(619484k free), swap 23723616k(6732k free)

vm_info: OpenJDK 64-Bit Server VM (25.202-b03) for windows-amd64 JRE (1.8.0_202-release-1483-b03), built by "builder" with MS VC++ 10.0 (VS2010)

time: Tue Oct 13 22:32:27 2020
timezone: Eastern Daylight Time
elapsed time: 9 seconds (0d 0h 0m 9s)

